main started
GLFW callbacks set
Input set GLFW window
Camera created
Simulation initialized
Feedback systems initialized
MainLoop::Init finished
main started
GLFW callbacks set
Input set GLFW window
Camera created
Simulation initialized
Feedback systems initialized
MainLoop::Init finished
main started
GLFW callbacks set
Input set GLFW window
Camera created
Simulation initialized
Feedback systems initialized
MainLoop::Init finished
main started
GLFW callbacks set
Input set GLFW window
Camera created
Simulation initialized
Feedback systems initialized
MainLoop::Init finished
main started
GLFW callbacks set
Input set GLFW window
Camera created
Simulation initialized
Feedback systems initialized
MainLoop::Init finished
main started
GLFW callbacks set
Input set GLFW window
Camera created
Simulation initialized
Feedback systems initialized
MainLoop::Init finished
main started
GLFW callbacks set
Input set GLFW window
Camera created
Simulation initialized
Feedback systems initialized
MainLoop::Init finished
main started
GLFW callbacks set
Input set GLFW window
Camera created
Simulation initialized
Feedback systems initialized
MainLoop::Init finished
main started
GLFW callbacks set
Input set GLFW window
Camera created
Simulation initialized
Feedback systems initialized
MainLoop::Init finished
